2016-08-20 09:25:42,890 [Worker-21] INFO  o.e.m.c.i.l.LifecycleMappingFactory - Using org.eclipse.m2e.jdt.JarLifecycleMapping lifecycle mapping for MavenProject: Exam1Test:Exam1:1.0-SNAPSHOT @ C:\Users\chenbei\NetSocketExam\Exam1\pom.xml.
2016-08-20 09:25:44,256 [Worker-21] INFO  o.e.m.j.i.AbstractJavaProjectConfigurator - Adding source folder /Exam1/src/main/java
2016-08-20 09:25:44,257 [Worker-21] INFO  o.e.m.j.i.AbstractJavaProjectConfigurator - Adding source folder /Exam1/src/test/java
2016-08-20 09:25:44,533 [Worker-21] INFO  o.e.m.c.i.p.ProjectConfigurationManager - Imported and configured 1 project(s) in 4 sec
2016-08-20 09:25:45,257 [Worker-22] WARN  o.e.m.c.i.embedder.EclipseLogger - Using platform encoding (GBK actually) to copy filtered resources, i.e. build is platform dependent!
2016-08-20 09:25:45,260 [Worker-22] INFO  o.e.m.c.i.embedder.EclipseLogger - skip non existing resourceDirectory C:\Users\chenbei\NetSocketExam\Exam1\src\main\resources
2016-08-20 09:25:45,263 [Worker-22] WARN  o.e.m.c.i.embedder.EclipseLogger - Using platform encoding (GBK actually) to copy filtered resources, i.e. build is platform dependent!
2016-08-20 09:25:45,266 [Worker-22] INFO  o.e.m.c.i.embedder.EclipseLogger - skip non existing resourceDirectory C:\Users\chenbei\NetSocketExam\Exam1\src\test\resources
2016-08-20 09:25:54,509 [Worker-12] WARN  o.e.m.c.i.embedder.EclipseLogger - Using platform encoding (GBK actually) to copy filtered resources, i.e. build is platform dependent!
2016-08-20 09:25:54,516 [Worker-12] INFO  o.e.m.c.i.embedder.EclipseLogger - skip non existing resourceDirectory C:\Users\chenbei\NetSocketExam\Exam1\src\main\resources
2016-08-20 09:25:54,518 [Worker-12] WARN  o.e.m.c.i.embedder.EclipseLogger - Using platform encoding (GBK actually) to copy filtered resources, i.e. build is platform dependent!
2016-08-20 09:25:54,520 [Worker-12] INFO  o.e.m.c.i.embedder.EclipseLogger - skip non existing resourceDirectory C:\Users\chenbei\NetSocketExam\Exam1\src\test\resources
2016-08-20 09:27:42,525 [Worker-8] WARN  o.e.m.c.i.embedder.EclipseLogger - Using platform encoding (GBK actually) to copy filtered resources, i.e. build is platform dependent!
2016-08-20 09:27:42,526 [Worker-8] INFO  o.e.m.c.i.embedder.EclipseLogger - skip non existing resourceDirectory C:\Users\chenbei\NetSocketExam\Exam1\src\main\resources
2016-08-20 09:27:42,528 [Worker-8] WARN  o.e.m.c.i.embedder.EclipseLogger - Using platform encoding (GBK actually) to copy filtered resources, i.e. build is platform dependent!
2016-08-20 09:27:42,530 [Worker-8] INFO  o.e.m.c.i.embedder.EclipseLogger - skip non existing resourceDirectory C:\Users\chenbei\NetSocketExam\Exam1\src\test\resources
2016-08-20 09:45:21,550 [Worker-1] WARN  o.e.m.c.i.embedder.EclipseLogger - Using platform encoding (GBK actually) to copy filtered resources, i.e. build is platform dependent!
2016-08-20 09:45:21,552 [Worker-1] INFO  o.e.m.c.i.embedder.EclipseLogger - skip non existing resourceDirectory C:\Users\chenbei\NetSocketExam\Exam1\src\main\resources
2016-08-20 09:45:21,554 [Worker-1] WARN  o.e.m.c.i.embedder.EclipseLogger - Using platform encoding (GBK actually) to copy filtered resources, i.e. build is platform dependent!
2016-08-20 09:45:21,555 [Worker-1] INFO  o.e.m.c.i.embedder.EclipseLogger - skip non existing resourceDirectory C:\Users\chenbei\NetSocketExam\Exam1\src\test\resources
2016-08-20 09:48:43,193 [Worker-3] WARN  o.e.m.c.i.embedder.EclipseLogger - Using platform encoding (GBK actually) to copy filtered resources, i.e. build is platform dependent!
2016-08-20 09:48:43,194 [Worker-3] INFO  o.e.m.c.i.embedder.EclipseLogger - skip non existing resourceDirectory C:\Users\chenbei\NetSocketExam\Exam1\src\main\resources
2016-08-20 09:48:43,196 [Worker-3] WARN  o.e.m.c.i.embedder.EclipseLogger - Using platform encoding (GBK actually) to copy filtered resources, i.e. build is platform dependent!
2016-08-20 09:48:43,197 [Worker-3] INFO  o.e.m.c.i.embedder.EclipseLogger - skip non existing resourceDirectory C:\Users\chenbei\NetSocketExam\Exam1\src\test\resources
2016-08-20 09:50:22,685 [Worker-12] WARN  o.e.m.c.i.embedder.EclipseLogger - Using platform encoding (GBK actually) to copy filtered resources, i.e. build is platform dependent!
2016-08-20 09:50:22,687 [Worker-12] INFO  o.e.m.c.i.embedder.EclipseLogger - skip non existing resourceDirectory C:\Users\chenbei\NetSocketExam\Exam1\src\main\resources
2016-08-20 09:50:22,689 [Worker-12] WARN  o.e.m.c.i.embedder.EclipseLogger - Using platform encoding (GBK actually) to copy filtered resources, i.e. build is platform dependent!
2016-08-20 09:50:22,690 [Worker-12] INFO  o.e.m.c.i.embedder.EclipseLogger - skip non existing resourceDirectory C:\Users\chenbei\NetSocketExam\Exam1\src\test\resources
2016-08-20 09:56:14,560 [Worker-3] WARN  o.e.m.c.i.embedder.EclipseLogger - Using platform encoding (GBK actually) to copy filtered resources, i.e. build is platform dependent!
2016-08-20 09:56:14,565 [Worker-3] INFO  o.e.m.c.i.embedder.EclipseLogger - skip non existing resourceDirectory C:\Users\chenbei\NetSocketExam\Exam1\src\main\resources
2016-08-20 09:56:14,567 [Worker-3] WARN  o.e.m.c.i.embedder.EclipseLogger - Using platform encoding (GBK actually) to copy filtered resources, i.e. build is platform dependent!
2016-08-20 09:56:14,571 [Worker-3] INFO  o.e.m.c.i.embedder.EclipseLogger - skip non existing resourceDirectory C:\Users\chenbei\NetSocketExam\Exam1\src\test\resources
2016-08-20 09:56:25,898 [Worker-24] WARN  o.e.m.c.i.embedder.EclipseLogger - Using platform encoding (GBK actually) to copy filtered resources, i.e. build is platform dependent!
2016-08-20 09:56:25,917 [Worker-24] INFO  o.e.m.c.i.embedder.EclipseLogger - skip non existing resourceDirectory C:\Users\chenbei\NetSocketExam\Exam1\src\main\resources
2016-08-20 09:56:25,919 [Worker-24] WARN  o.e.m.c.i.embedder.EclipseLogger - Using platform encoding (GBK actually) to copy filtered resources, i.e. build is platform dependent!
2016-08-20 09:56:25,923 [Worker-24] INFO  o.e.m.c.i.embedder.EclipseLogger - skip non existing resourceDirectory C:\Users\chenbei\NetSocketExam\Exam1\src\test\resources
2016-08-20 09:59:38,485 [Worker-24] INFO  o.e.m.c.i.l.LifecycleMappingFactory - Using org.eclipse.m2e.jdt.JarLifecycleMapping lifecycle mapping for MavenProject: Exam2Test:Exam2:1.0-SNAPSHOT @ C:\Users\chenbei\NetSocketExam\Exam2\pom.xml.
2016-08-20 09:59:38,928 [Worker-24] INFO  o.e.m.j.i.AbstractJavaProjectConfigurator - Adding source folder /Exam2/src/main/java
2016-08-20 09:59:38,929 [Worker-24] INFO  o.e.m.j.i.AbstractJavaProjectConfigurator - Adding source folder /Exam2/src/test/java
2016-08-20 09:59:39,076 [Worker-24] INFO  o.e.m.c.i.p.ProjectConfigurationManager - Imported and configured 1 project(s) in 0 sec
2016-08-20 09:59:39,407 [Worker-25] WARN  o.e.m.c.i.embedder.EclipseLogger - Using platform encoding (GBK actually) to copy filtered resources, i.e. build is platform dependent!
2016-08-20 09:59:39,412 [Worker-25] INFO  o.e.m.c.i.embedder.EclipseLogger - skip non existing resourceDirectory C:\Users\chenbei\NetSocketExam\Exam2\src\main\resources
2016-08-20 09:59:39,414 [Worker-25] WARN  o.e.m.c.i.embedder.EclipseLogger - Using platform encoding (GBK actually) to copy filtered resources, i.e. build is platform dependent!
2016-08-20 09:59:39,420 [Worker-25] INFO  o.e.m.c.i.embedder.EclipseLogger - skip non existing resourceDirectory C:\Users\chenbei\NetSocketExam\Exam2\src\test\resources
2016-08-20 10:00:58,152 [Worker-25] WARN  o.e.m.c.i.embedder.EclipseLogger - Using platform encoding (GBK actually) to copy filtered resources, i.e. build is platform dependent!
2016-08-20 10:00:58,157 [Worker-25] INFO  o.e.m.c.i.embedder.EclipseLogger - skip non existing resourceDirectory C:\Users\chenbei\NetSocketExam\Exam2\src\main\resources
2016-08-20 10:00:58,159 [Worker-25] WARN  o.e.m.c.i.embedder.EclipseLogger - Using platform encoding (GBK actually) to copy filtered resources, i.e. build is platform dependent!
2016-08-20 10:00:58,168 [Worker-25] INFO  o.e.m.c.i.embedder.EclipseLogger - skip non existing resourceDirectory C:\Users\chenbei\NetSocketExam\Exam2\src\test\resources
2016-08-20 10:23:15,883 [Worker-25] WARN  o.e.m.c.i.embedder.EclipseLogger - Using platform encoding (GBK actually) to copy filtered resources, i.e. build is platform dependent!
2016-08-20 10:23:15,978 [Worker-25] INFO  o.e.m.c.i.embedder.EclipseLogger - skip non existing resourceDirectory C:\Users\chenbei\NetSocketExam\Exam2\src\main\resources
2016-08-20 10:23:15,983 [Worker-25] WARN  o.e.m.c.i.embedder.EclipseLogger - Using platform encoding (GBK actually) to copy filtered resources, i.e. build is platform dependent!
2016-08-20 10:23:15,990 [Worker-25] INFO  o.e.m.c.i.embedder.EclipseLogger - skip non existing resourceDirectory C:\Users\chenbei\NetSocketExam\Exam2\src\test\resources
2016-08-20 10:29:26,903 [Worker-30] WARN  o.e.m.c.i.embedder.EclipseLogger - Using platform encoding (GBK actually) to copy filtered resources, i.e. build is platform dependent!
2016-08-20 10:29:26,909 [Worker-30] INFO  o.e.m.c.i.embedder.EclipseLogger - skip non existing resourceDirectory C:\Users\chenbei\NetSocketExam\Exam2\src\main\resources
2016-08-20 10:29:26,912 [Worker-30] WARN  o.e.m.c.i.embedder.EclipseLogger - Using platform encoding (GBK actually) to copy filtered resources, i.e. build is platform dependent!
2016-08-20 10:29:26,919 [Worker-30] INFO  o.e.m.c.i.embedder.EclipseLogger - skip non existing resourceDirectory C:\Users\chenbei\NetSocketExam\Exam2\src\test\resources
2016-08-20 10:57:27,342 [Worker-25] WARN  o.e.m.c.i.embedder.EclipseLogger - Using platform encoding (GBK actually) to copy filtered resources, i.e. build is platform dependent!
2016-08-20 10:57:27,347 [Worker-25] INFO  o.e.m.c.i.embedder.EclipseLogger - skip non existing resourceDirectory C:\Users\chenbei\NetSocketExam\Exam2\src\main\resources
2016-08-20 10:57:27,348 [Worker-25] WARN  o.e.m.c.i.embedder.EclipseLogger - Using platform encoding (GBK actually) to copy filtered resources, i.e. build is platform dependent!
2016-08-20 10:57:27,352 [Worker-25] INFO  o.e.m.c.i.embedder.EclipseLogger - skip non existing resourceDirectory C:\Users\chenbei\NetSocketExam\Exam2\src\test\resources
2016-08-20 10:57:29,937 [Worker-30] WARN  o.e.m.c.i.embedder.EclipseLogger - Using platform encoding (GBK actually) to copy filtered resources, i.e. build is platform dependent!
2016-08-20 10:57:29,940 [Worker-30] INFO  o.e.m.c.i.embedder.EclipseLogger - skip non existing resourceDirectory C:\Users\chenbei\NetSocketExam\Exam2\src\main\resources
2016-08-20 10:57:29,941 [Worker-30] WARN  o.e.m.c.i.embedder.EclipseLogger - Using platform encoding (GBK actually) to copy filtered resources, i.e. build is platform dependent!
2016-08-20 10:57:29,944 [Worker-30] INFO  o.e.m.c.i.embedder.EclipseLogger - skip non existing resourceDirectory C:\Users\chenbei\NetSocketExam\Exam2\src\test\resources
2016-08-20 10:57:32,992 [Worker-30] WARN  o.e.m.c.i.embedder.EclipseLogger - Using platform encoding (GBK actually) to copy filtered resources, i.e. build is platform dependent!
2016-08-20 10:57:32,995 [Worker-30] INFO  o.e.m.c.i.embedder.EclipseLogger - skip non existing resourceDirectory C:\Users\chenbei\NetSocketExam\Exam2\src\main\resources
2016-08-20 10:57:32,997 [Worker-30] WARN  o.e.m.c.i.embedder.EclipseLogger - Using platform encoding (GBK actually) to copy filtered resources, i.e. build is platform dependent!
2016-08-20 10:57:33,001 [Worker-30] INFO  o.e.m.c.i.embedder.EclipseLogger - skip non existing resourceDirectory C:\Users\chenbei\NetSocketExam\Exam2\src\test\resources
2016-08-20 11:00:38,658 [Worker-29] WARN  o.e.m.c.i.embedder.EclipseLogger - Using platform encoding (GBK actually) to copy filtered resources, i.e. build is platform dependent!
2016-08-20 11:00:38,661 [Worker-29] INFO  o.e.m.c.i.embedder.EclipseLogger - skip non existing resourceDirectory C:\Users\chenbei\NetSocketExam\Exam2\src\main\resources
2016-08-20 11:00:38,664 [Worker-29] WARN  o.e.m.c.i.embedder.EclipseLogger - Using platform encoding (GBK actually) to copy filtered resources, i.e. build is platform dependent!
2016-08-20 11:00:38,668 [Worker-29] INFO  o.e.m.c.i.embedder.EclipseLogger - skip non existing resourceDirectory C:\Users\chenbei\NetSocketExam\Exam2\src\test\resources
2016-08-20 11:06:22,492 [Worker-30] WARN  o.e.m.c.i.embedder.EclipseLogger - Using platform encoding (GBK actually) to copy filtered resources, i.e. build is platform dependent!
2016-08-20 11:06:22,513 [Worker-30] INFO  o.e.m.c.i.embedder.EclipseLogger - skip non existing resourceDirectory C:\Users\chenbei\NetSocketExam\Exam2\src\main\resources
2016-08-20 11:06:22,514 [Worker-30] WARN  o.e.m.c.i.embedder.EclipseLogger - Using platform encoding (GBK actually) to copy filtered resources, i.e. build is platform dependent!
2016-08-20 11:06:22,519 [Worker-30] INFO  o.e.m.c.i.embedder.EclipseLogger - skip non existing resourceDirectory C:\Users\chenbei\NetSocketExam\Exam2\src\test\resources
